0 verbose cli /usr/local/bin/node /usr/local/bin/npm
1 info using npm@11.4.2
2 info using node@v24.4.0
3 silly config load:file:/usr/local/lib/node_modules/npm/npmrc
4 silly config load:file:/home/container/.npmrc
5 silly config load:file:/usr/local/etc/npmrc
6 verbose title npm install
7 verbose argv "install"
8 verbose logfile logs-max:10 dir:/home/container/.npm/_logs/2025-07-15T09_41_31_502Z-
9 verbose logfile /home/container/.npm/_logs/2025-07-15T09_41_31_502Z-debug-0.log
10 silly logfile start cleaning logs, removing 1 files
11 silly logfile done cleaning log files
12 silly packumentCache heap:271581184 maxSize:67895296 maxEntrySize:33947648
13 verbose stack JSONParseError: Expected double-quoted property name in JSON at position 293 (line 16 column 3) while parsing near "...xios\": \"^1.10.0\",\n  }\n}\n"
13 verbose stack     at /usr/local/lib/node_modules/npm/node_modules/read-package-json-fast/lib/index.js:7:61
13 verbose stack     at async #initTree (/usr/local/lib/node_modules/npm/node_modules/@npmcli/arborist/lib/arborist/build-ideal-tree.js:269:21)
13 verbose stack     at async Arborist.buildIdealTree (/usr/local/lib/node_modules/npm/node_modules/@npmcli/arborist/lib/arborist/build-ideal-tree.js:179:7)
13 verbose stack     at async Promise.all (index 1)
13 verbose stack     at async Arborist.reify (/usr/local/lib/node_modules/npm/node_modules/@npmcli/arborist/lib/arborist/reify.js:131:5)
13 verbose stack     at async Install.exec (/usr/local/lib/node_modules/npm/lib/commands/install.js:149:5)
13 verbose stack     at async Npm.exec (/usr/local/lib/node_modules/npm/lib/npm.js:208:9)
13 verbose stack     at async module.exports (/usr/local/lib/node_modules/npm/lib/cli/entry.js:67:5)
14 error code EJSONPARSE
15 error path /home/container/package.json
16 error JSON.parse Expected double-quoted property name in JSON at position 293 (line 16 column 3) while parsing near "...xios\": \"^1.10.0\",\n  }\n}\n"
17 error JSON.parse Failed to parse JSON data.
17 error JSON.parse Note: package.json must be actual JSON, not just JavaScript.
18 silly unfinished npm timer reify 1752572491835
19 silly unfinished npm timer reify:loadTrees 1752572491836
20 silly unfinished npm timer idealTree:init 1752572491836
21 verbose cwd /home/container
22 verbose os Linux 6.1.0-35-amd64
23 verbose node v24.4.0
24 verbose npm  v11.4.2
25 verbose exit 1
26 verbose code 1
27 error A complete log of this run can be found in: /home/container/.npm/_logs/2025-07-15T09_41_31_502Z-debug-0.log
